<?xml version="1.0" encoding="UTF-8"?>
<testsuite xmlns:xsi="http://www.w3.org/2001/XMLSchema-instance" xsi:noNamespaceSchemaLocation="https://maven.apache.org/surefire/maven-surefire-plugin/xsd/surefire-test-report.xsd" name="com.hyland.IT.tests.DynamicTestGenerator" time="39.304" tests="14" errors="0" skipped="0" failures="14">
  <properties>
[...]
</properties>
  <testcase name="restAPITest" classname="com.hyland.IT.tests.IntegrationTest" time="5.242">
    <failure message="Connection refused: connect" type="java.net.ConnectException">java.net.ConnectException: Connection refused: connect
	at com.hyland.IT.tests.IntegrationTest.restAPITest(IntegrationTest.java:167)
</failure>
    <system-out><![CDATA[2020-09-11 15:07:19,874 main DEBUG Apache Log4j Core 2.13.3 initializing configuration XmlConfiguration[location=C:\OneContentAPITest\RestAPITestFramework\restapitestframework\target\test-classes\log4j2.xml]
2020-09-11 15:07:19,883 main DEBUG Installed 1 script engine
2020-09-11 15:07:20,143 main DEBUG Oracle Nashorn version: 1.8.0_221, language: ECMAScript, threading: Not Thread Safe, compile: true, names: [nashorn, Nashorn, js, JS, JavaScript, javascript, ECMAScript, ecmascript], factory class: jdk.nashorn.api.scripting.NashornScriptEngineFactory
2020-09-11 15:07:20,144 main DEBUG PluginManager 'Core' found 122 plugins
2020-09-11 15:07:20,144 main DEBUG PluginManager 'Level' found 0 plugins
2020-09-11 15:07:20,148 main DEBUG PluginManager 'Lookup' found 16 plugins
2020-09-11 15:07:20,151 main DEBUG Building Plugin[name=layout, class=org.apache.logging.log4j.core.layout.PatternLayout].
2020-09-11 15:07:20,170 main DEBUG PluginManager 'TypeConverter' found 26 plugins
2020-09-11 15:07:20,187 main DEBUG PatternLayout$Builder(pattern="%d{HH:mm:ss.SSS} [%t] %-5level %logger{36} - %msg%n", PatternSelector=null, Configuration(C:\OneContentAPITest\RestAPITestFramework\restapitestframework\target\test-classes\log4j2.xml), Replace=null, charset="null", alwaysWriteExceptions="null", disableAnsi="null", noConsoleNoAnsi="null", header="null", footer="null")
2020-09-11 15:07:20,188 main DEBUG PluginManager 'Converter' found 44 plugins
2020-09-11 15:07:20,189 main DEBUG Building Plugin[name=appender, class=org.apache.logging.log4j.core.appender.ConsoleAppender].
2020-09-11 15:07:20,201 main DEBUG ConsoleAppender$Builder(target="SYSTEM_OUT", follow="null", direct="null", bufferedIo="null", bufferSize="null", immediateFlush="null", ignoreExceptions="null", PatternLayout(%d{HH:mm:ss.SSS} [%t] %-5level %logger{36} - %msg%n), name="ConsoleAppender", Configuration(C:\OneContentAPITest\RestAPITestFramework\restapitestframework\target\test-classes\log4j2.xml), Filter=null, ={})
2020-09-11 15:07:20,204 main DEBUG Starting OutputStreamManager SYSTEM_OUT.false.false
2020-09-11 15:07:20,205 main DEBUG Building Plugin[name=layout, class=org.apache.logging.log4j.core.layout.PatternLayout].
2020-09-11 15:07:20,207 main DEBUG PatternLayout$Builder(pattern="%d{yyy-MM-dd HH:mm:ss.SSS} [%t] %-5level %logger{36} - %msg%n", PatternSelector=null, Configuration(C:\OneContentAPITest\RestAPITestFramework\restapitestframework\target\test-classes\log4j2.xml), Replace=null, charset="null", alwaysWriteExceptions="null", disableAnsi="null", noConsoleNoAnsi="null", header="null", footer="null")
2020-09-11 15:07:20,234 main DEBUG Building Plugin[name=appender, class=org.apache.logging.log4j.core.appender.FileAppender].
2020-09-11 15:07:20,240 main DEBUG FileAppender$Builder(fileName="application-20200911.log", append="true", locking="null", advertise="null", advertiseUri="null", createOnDemand="null", filePermissions="null", fileOwner="null", fileGroup="null", bufferedIo="null", bufferSize="null", immediateFlush="false", ignoreExceptions="null", PatternLayout(%d{yyy-MM-dd HH:mm:ss.SSS} [%t] %-5level %logger{36} - %msg%n), name="FileAppender", Configuration(C:\OneContentAPITest\RestAPITestFramework\restapitestframework\target\test-classes\log4j2.xml), Filter=null, ={})
2020-09-11 15:07:20,245 main DEBUG Starting FileManager application-20200911.log
2020-09-11 15:07:20,246 main DEBUG Building Plugin[name=appenders, class=org.apache.logging.log4j.core.config.AppendersPlugin].
2020-09-11 15:07:20,248 main DEBUG createAppenders(={ConsoleAppender, FileAppender})
2020-09-11 15:07:20,249 main DEBUG Building Plugin[name=AppenderRef, class=org.apache.logging.log4j.core.config.AppenderRef].
2020-09-11 15:07:20,256 main DEBUG createAppenderRef(ref="ConsoleAppender", level="null", Filter=null)
2020-09-11 15:07:20,257 main DEBUG Building Plugin[name=AppenderRef, class=org.apache.logging.log4j.core.config.AppenderRef].
2020-09-11 15:07:20,259 main DEBUG createAppenderRef(ref="FileAppender", level="null", Filter=null)
2020-09-11 15:07:20,259 main DEBUG Building Plugin[name=root, class=org.apache.logging.log4j.core.config.LoggerConfig$RootLogger].
2020-09-11 15:07:20,262 main DEBUG createLogger(additivity="null", level="DEBUG", includeLocation="null", ={ConsoleAppender, FileAppender}, ={}, Configuration(C:\OneContentAPITest\RestAPITestFramework\restapitestframework\target\test-classes\log4j2.xml), Filter=null)
2020-09-11 15:07:20,266 main DEBUG Building Plugin[name=loggers, class=org.apache.logging.log4j.core.config.LoggersPlugin].
2020-09-11 15:07:20,267 main DEBUG createLoggers(={root})
2020-09-11 15:07:20,268 main DEBUG Configuration XmlConfiguration[location=C:\OneContentAPITest\RestAPITestFramework\restapitestframework\target\test-classes\log4j2.xml] initialized
2020-09-11 15:07:20,269 main DEBUG Starting configuration XmlConfiguration[location=C:\OneContentAPITest\RestAPITestFramework\restapitestframework\target\test-classes\log4j2.xml]
2020-09-11 15:07:20,270 main DEBUG Started configuration XmlConfiguration[location=C:\OneContentAPITest\RestAPITestFramework\restapitestframework\target\test-classes\log4j2.xml] OK.
2020-09-11 15:07:20,272 main DEBUG Shutting down OutputStreamManager SYSTEM_OUT.false.false-1
2020-09-11 15:07:20,273 main DEBUG OutputStream closed
2020-09-11 15:07:20,275 main DEBUG Shut down OutputStreamManager SYSTEM_OUT.false.false-1, all resources released: true
2020-09-11 15:07:20,275 main DEBUG Appender DefaultConsole-1 stopped with status true
2020-09-11 15:07:20,277 main DEBUG Stopped org.apache.logging.log4j.core.config.DefaultConfiguration@6acdbdf5 OK
2020-09-11 15:07:20,371 main DEBUG Registering MBean org.apache.logging.log4j2:type=42a57993
2020-09-11 15:07:20,375 main DEBUG Registering MBean org.apache.logging.log4j2:type=42a57993,component=StatusLogger
2020-09-11 15:07:20,377 main DEBUG Registering MBean org.apache.logging.log4j2:type=42a57993,component=ContextSelector
2020-09-11 15:07:20,380 main DEBUG Registering MBean org.apache.logging.log4j2:type=42a57993,component=Loggers,name=
2020-09-11 15:07:20,381 main DEBUG Registering MBean org.apache.logging.log4j2:type=42a57993,component=Appenders,name=ConsoleAppender
2020-09-11 15:07:20,382 main DEBUG Registering MBean org.apache.logging.log4j2:type=42a57993,component=Appenders,name=FileAppender
2020-09-11 15:07:20,384 main DEBUG org.apache.logging.log4j.core.util.SystemClock does not support precise timestamps.
2020-09-11 15:07:20,385 main DEBUG Reconfiguration complete for context[name=42a57993] at URI C:\OneContentAPITest\RestAPITestFramework\restapitestframework\target\test-classes\log4j2.xml (org.apache.logging.log4j.core.LoggerContext@1ca3b418) with optional ClassLoader: null
2020-09-11 15:07:20,386 main DEBUG Shutdown hook enabled. Registering a new one.
2020-09-11 15:07:20,389 main DEBUG LoggerContext[name=42a57993, org.apache.logging.log4j.core.LoggerContext@1ca3b418] started OK.
15:07:20.785 [main] DEBUG com.hyland.IT.tests.DynamicTestGenerator - [DeficiencyServices.yaml, PhysicianQueryServices.yaml, TaskListServices.yaml]
15:07:27.515 [main] DEBUG com.hyland.IT.tests.IntegrationTest - Started : PhysicianQueryServices.yaml : /
]]></system-out>
  </testcase>
  <testcase name="restAPITest" classname="com.hyland.IT.tests.IntegrationTest" time="1.939">
    <failure message="Connection refused: connect" type="java.net.ConnectException">java.net.ConnectException: Connection refused: connect
	at com.hyland.IT.tests.IntegrationTest.restAPITest(IntegrationTest.java:170)
</failure>
    <system-out><![CDATA[15:07:32.757 [main] DEBUG com.hyland.IT.tests.IntegrationTest - Started : DeficiencyServices.yaml : /deficiencyDocInfo
]]></system-out>
  </testcase>
  <testcase name="restAPITest" classname="com.hyland.IT.tests.IntegrationTest" time="1.95">
    <failure message="Connection refused: connect" type="java.net.ConnectException">java.net.ConnectException: Connection refused: connect
	at com.hyland.IT.tests.IntegrationTest.restAPITest(IntegrationTest.java:170)
</failure>
    <system-out><![CDATA[15:07:34.699 [main] DEBUG com.hyland.IT.tests.IntegrationTest - Started : PhysicianQueryServices.yaml : /getDictationJobIds/{encounter}
]]></system-out>
  </testcase>
  <testcase name="restAPITest" classname="com.hyland.IT.tests.IntegrationTest" time="1.942">
    <failure message="Connection refused: connect" type="java.net.ConnectException">java.net.ConnectException: Connection refused: connect
	at com.hyland.IT.tests.IntegrationTest.restAPITest(IntegrationTest.java:170)
</failure>
    <system-out><![CDATA[15:07:36.650 [main] DEBUG com.hyland.IT.tests.IntegrationTest - Started : PhysicianQueryServices.yaml : /deficiencyDocInfo
]]></system-out>
  </testcase>
  <testcase name="restAPITest" classname="com.hyland.IT.tests.IntegrationTest" time="1.932">
    <failure message="Connection refused: connect" type="java.net.ConnectException">java.net.ConnectException: Connection refused: connect
	at com.hyland.IT.tests.IntegrationTest.restAPITest(IntegrationTest.java:167)
</failure>
    <system-out><![CDATA[15:07:38.595 [main] DEBUG com.hyland.IT.tests.IntegrationTest - Started : DeficiencyServices.yaml : /
]]></system-out>
  </testcase>
  <testcase name="restAPITest" classname="com.hyland.IT.tests.IntegrationTest" time="1.931">
    <failure message="Connection refused: connect" type="java.net.ConnectException">java.net.ConnectException: Connection refused: connect
	at com.hyland.IT.tests.IntegrationTest.restAPITest(IntegrationTest.java:170)
</failure>
    <system-out><![CDATA[15:07:40.528 [main] DEBUG com.hyland.IT.tests.IntegrationTest - Started : DeficiencyServices.yaml : /docLocking
]]></system-out>
  </testcase>
  <testcase name="restAPITest" classname="com.hyland.IT.tests.IntegrationTest" time="1.935">
    <failure message="Connection refused: connect" type="java.net.ConnectException">java.net.ConnectException: Connection refused: connect
	at com.hyland.IT.tests.IntegrationTest.restAPITest(IntegrationTest.java:170)
</failure>
    <system-out><![CDATA[15:07:42.460 [main] DEBUG com.hyland.IT.tests.IntegrationTest - Started : PhysicianQueryServices.yaml : /docLocking
]]></system-out>
  </testcase>
  <testcase name="restAPITest" classname="com.hyland.IT.tests.IntegrationTest" time="1.948">
    <failure message="Connection refused: connect" type="java.net.ConnectException">java.net.ConnectException: Connection refused: connect
	at com.hyland.IT.tests.IntegrationTest.restAPITest(IntegrationTest.java:170)
</failure>
    <system-out><![CDATA[15:07:44.396 [main] DEBUG com.hyland.IT.tests.IntegrationTest - Started : TaskListServices.yaml : /encounter
]]></system-out>
  </testcase>
  <testcase name="restAPITest" classname="com.hyland.IT.tests.IntegrationTest" time="1.945">
    <failure message="Connection refused: connect" type="java.net.ConnectException">java.net.ConnectException: Connection refused: connect
	at com.hyland.IT.tests.IntegrationTest.restAPITest(IntegrationTest.java:170)
</failure>
    <system-out><![CDATA[15:07:46.341 [main] DEBUG com.hyland.IT.tests.IntegrationTest - Started : PhysicianQueryServices.yaml : /getDictationDocTypes/{facility}
]]></system-out>
  </testcase>
  <testcase name="restAPITest" classname="com.hyland.IT.tests.IntegrationTest" time="1.927">
    <failure message="Connection refused: connect" type="java.net.ConnectException">java.net.ConnectException: Connection refused: connect
	at com.hyland.IT.tests.IntegrationTest.restAPITest(IntegrationTest.java:170)
</failure>
    <system-out><![CDATA[15:07:48.290 [main] DEBUG com.hyland.IT.tests.IntegrationTest - Started : DeficiencyServices.yaml : /getDocTypesForDefType/{facility}
]]></system-out>
  </testcase>
  <testcase name="restAPITest" classname="com.hyland.IT.tests.IntegrationTest" time="1.94">
    <failure message="Connection refused: connect" type="java.net.ConnectException">java.net.ConnectException: Connection refused: connect
	at com.hyland.IT.tests.IntegrationTest.restAPITest(IntegrationTest.java:170)
</failure>
    <system-out><![CDATA[15:07:50.219 [main] DEBUG com.hyland.IT.tests.IntegrationTest - Started : DeficiencyServices.yaml : /getDictationJobIds/{encounter}
]]></system-out>
  </testcase>
  <testcase name="restAPITest" classname="com.hyland.IT.tests.IntegrationTest" time="1.931">
    <failure message="Connection refused: connect" type="java.net.ConnectException">java.net.ConnectException: Connection refused: connect
	at com.hyland.IT.tests.IntegrationTest.restAPITest(IntegrationTest.java:170)
</failure>
    <system-out><![CDATA[15:07:52.159 [main] DEBUG com.hyland.IT.tests.IntegrationTest - Started : DeficiencyServices.yaml : /getDictationDocTypes/{facility}
]]></system-out>
  </testcase>
  <testcase name="restAPITest" classname="com.hyland.IT.tests.IntegrationTest" time="1.922">
    <failure message="Connection refused: connect" type="java.net.ConnectException">java.net.ConnectException: Connection refused: connect
	at com.hyland.IT.tests.IntegrationTest.restAPITest(IntegrationTest.java:170)
</failure>
    <system-out><![CDATA[15:07:54.091 [main] DEBUG com.hyland.IT.tests.IntegrationTest - Started : TaskListServices.yaml : /tasklist
]]></system-out>
  </testcase>
  <testcase name="restAPITest" classname="com.hyland.IT.tests.IntegrationTest" time="1.943">
    <failure message="Connection refused: connect" type="java.net.ConnectException">java.net.ConnectException: Connection refused: connect
	at com.hyland.IT.tests.IntegrationTest.restAPITest(IntegrationTest.java:170)
</failure>
    <system-out><![CDATA[15:07:56.014 [main] DEBUG com.hyland.IT.tests.IntegrationTest - Started : PhysicianQueryServices.yaml : /getDocTypesForDefType/{facility}
]]></system-out>
  </testcase>
</testsuite>